28
51
1
1
1
1
1
1
1
1
1
1
1
1
1
1
1
1
1
1
1
1
1
1
1
1
1
1
1
1
4 0 15 (192.000000 -192.000000 80.000000) (192.000000 -256.000000 80.000000) (192.000000 -256.000000 160.000000) (192.000000 -192.000000 160.000000) 
4 0 10 (192.000000 -176.000000 112.000000) (192.000000 -176.000000 160.000000) (192.000000 176.000000 160.000000) (192.000000 176.000000 112.000000) 
4 0 11 (192.000000 176.000000 80.000000) (192.000000 -176.000000 80.000000) (192.000000 -176.000000 96.000000) (192.000000 176.000000 96.000000) 
4 0 4 (192.000000 256.000000 160.000000) (192.000000 256.000000 80.000000) (192.000000 192.000000 80.000000) (192.000000 192.000000 160.000000) 
4 0 2 (256.000000 -192.000000 80.000000) (256.000000 -256.000000 80.000000) (192.000000 -256.000000 80.000000) (192.000000 -192.000000 80.000000) 
4 0 1 (192.000000 256.000000 80.000000) (256.000000 256.000000 80.000000) (256.000000 192.000000 80.000000) (192.000000 192.000000 80.000000) 
4 1 4 (192.000000 256.000000 80.000000) (192.000000 256.000000 64.000000) (192.000000 192.000000 64.000000) (192.000000 192.000000 80.000000) 
4 2 15 (192.000000 -192.000000 64.000000) (192.000000 -256.000000 64.000000) (192.000000 -256.000000 80.000000) (192.000000 -192.000000 80.000000) 
4 3 20 (512.000000 128.000000 0.000000) (512.000000 -128.000000 0.000000) (192.000000 -128.000000 0.000000) (192.000000 128.000000 0.000000) 
4 3 11 (192.000000 128.000000 0.000000) (192.000000 -128.000000 0.000000) (192.000000 -128.000000 64.000000) (192.000000 128.000000 64.000000) 
4 4 8 (176.000000 192.000000 160.000000) (128.000000 192.000000 160.000000) (128.000000 192.000000 98.909091) (176.000000 192.000000 112.000000) 
4 4 9 (128.000000 192.000000 82.909091) (128.000000 192.000000 48.000000) (176.000000 192.000000 48.000000) (176.000000 192.000000 96.000000) 
4 4 5 (128.000000 256.000000 160.000000) (128.000000 256.000000 48.000000) (128.000000 192.000000 48.000000) (128.000000 192.000000 160.000000) 
4 5 8 (128.000000 192.000000 160.000000) (-0.000000 192.000000 160.000000) (0.000000 192.000000 64.000000) (128.000000 192.000000 98.909091) 
4 5 9 (0.000000 192.000000 48.000000) (0.000000 192.000000 32.000000) (128.000000 192.000000 32.000000) (128.000000 192.000000 82.909091) 
4 5 6 (64.000000 192.000000 32.000000) (-0.000000 192.000000 32.000000) (-0.000000 256.000000 32.000000) (64.000000 256.000000 32.000000) 
4 5 7 (0.000000 256.000000 160.000000) (0.000000 256.000000 32.000000) (0.000000 192.000000 32.000000) (0.000000 192.000000 160.000000) 
4 6 9 (64.000000 192.000000 16.000000) (64.000000 192.000000 32.000000) (0.000000 192.000000 32.000000) (0.000000 192.000000 16.000000) 
4 6 7 (0.000000 256.000000 32.000000) (0.000000 256.000000 16.000000) (0.000000 192.000000 16.000000) (0.000000 192.000000 32.000000) 
4 7 19 (-16.000000 256.000000 0.000000) (-16.000000 192.000000 0.000000) (-16.000000 192.000000 160.000000) (-16.000000 256.000000 160.000000) 
4 8 12 (176.000000 176.000000 112.000000) (176.000000 176.000000 160.000000) (-0.000000 176.000000 160.000000) (0.000000 176.000000 64.000000) 
4 9 12 (-0.000000 176.000000 0.000000) (176.000000 176.000000 0.000000) (176.000000 176.000000 96.000000) (0.000000 176.000000 48.000000) 
4 10 12 (176.000000 -176.000000 112.000000) (176.000000 -176.000000 160.000000) (176.000000 176.000000 160.000000) (176.000000 176.000000 112.000000) 
4 11 20 (192.000000 128.000000 0.000000) (192.000000 -128.000000 0.000000) (176.000000 -128.000000 0.000000) (176.000000 128.000000 0.000000) 
4 11 12 (176.000000 176.000000 0.000000) (176.000000 -176.000000 0.000000) (176.000000 -176.000000 96.000000) (176.000000 176.000000 96.000000) 
4 12 20 (0.000000 -128.000000 0.000000) (0.000000 128.000000 0.000000) (176.000000 128.000000 0.000000) (176.000000 -128.000000 0.000000) 
4 12 19 (-16.000000 176.000000 0.000000) (-16.000000 -176.000000 0.000000) (-16.000000 -176.000000 160.000000) (-16.000000 176.000000 160.000000) 
4 12 14 (-0.000000 -176.000000 0.000000) (176.000000 -176.000000 0.000000) (176.000000 -176.000000 96.000000) (0.000000 -176.000000 48.000000) 
4 12 13 (176.000000 -176.000000 112.000000) (176.000000 -176.000000 160.000000) (-0.000000 -176.000000 160.000000) (0.000000 -176.000000 64.000000) 
4 13 15 (176.000000 -192.000000 112.000000) (176.000000 -192.000000 160.000000) (128.000000 -192.000000 160.000000) (128.000000 -192.000000 98.909091) 
4 13 16 (128.000000 -192.000000 160.000000) (-0.000000 -192.000000 160.000000) (0.000000 -192.000000 64.000000) (128.000000 -192.000000 98.909091) 
4 14 17 (64.000000 -192.000000 32.000000) (0.000000 -192.000000 32.000000) (0.000000 -192.000000 16.000000) (64.000000 -192.000000 16.000000) 
4 14 15 (176.000000 -192.000000 48.000000) (176.000000 -192.000000 96.000000) (128.000000 -192.000000 82.909091) (128.000000 -192.000000 48.000000) 
4 14 16 (128.000000 -192.000000 82.909091) (0.000000 -192.000000 48.000000) (0.000000 -192.000000 32.000000) (128.000000 -192.000000 32.000000) 
4 15 16 (128.000000 -256.000000 48.000000) (128.000000 -256.000000 160.000000) (128.000000 -192.000000 160.000000) (128.000000 -192.000000 48.000000) 
4 16 19 (-16.000000 -256.000000 32.000000) (-16.000000 -256.000000 160.000000) (-16.000000 -192.000000 160.000000) (-16.000000 -192.000000 32.000000) 
4 16 17 (-0.000000 -192.000000 32.000000) (64.000000 -192.000000 32.000000) (64.000000 -256.000000 32.000000) (-0.000000 -256.000000 32.000000) 
4 16 18 (-16.000000 -256.000000 32.000000) (-16.000000 -192.000000 32.000000) (-0.000000 -192.000000 32.000000) (-0.000000 -256.000000 32.000000) 
4 17 18 (0.000000 -256.000000 16.000000) (0.000000 -256.000000 32.000000) (0.000000 -192.000000 32.000000) (0.000000 -192.000000 16.000000) 
4 18 19 (-16.000000 -192.000000 0.000000) (-16.000000 -256.000000 0.000000) (-16.000000 -256.000000 32.000000) (-16.000000 -192.000000 32.000000) 
4 20 25 (64.000000 128.000000 -16.000000) (256.000000 128.000000 -16.000000) (256.000000 -128.000000 -16.000000) (64.000000 -128.000000 -16.000000) 
4 20 23 (256.000000 128.000000 -16.000000) (320.000000 128.000000 -16.000000) (320.000000 -128.000000 -16.000000) (256.000000 -128.000000 -16.000000) 
4 20 21 (320.000000 128.000000 -16.000000) (512.000000 128.000000 -16.000000) (512.000000 -128.000000 -16.000000) (320.000000 -128.000000 -16.000000) 
4 21 23 (320.000000 128.000000 -16.000000) (320.000000 128.000000 -80.000000) (320.000000 -128.000000 -80.000000) (320.000000 -128.000000 -16.000000) 
4 21 22 (384.000000 128.000000 -96.000000) (512.000000 128.000000 -96.000000) (512.000000 -128.000000 -96.000000) (384.000000 -128.000000 -96.000000) 
4 22 24 (448.000000 128.000000 -112.000000) (512.000000 128.000000 -112.000000) (512.000000 -128.000000 -112.000000) (448.000000 -128.000000 -112.000000) 
4 23 27 (256.000000 128.000000 -48.000000) (256.000000 128.000000 -64.000000) (256.000000 -128.000000 -64.000000) (256.000000 -128.000000 -48.000000) 
4 23 26 (256.000000 128.000000 -32.000000) (256.000000 128.000000 -48.000000) (256.000000 -128.000000 -48.000000) (256.000000 -128.000000 -32.000000) 
4 23 25 (256.000000 128.000000 -16.000000) (256.000000 128.000000 -32.000000) (256.000000 -128.000000 -32.000000) (256.000000 -128.000000 -16.000000) 
4 25 26 (256.000000 -128.000000 -32.000000) (128.000000 -128.000000 -32.000000) (128.000000 128.000000 -32.000000) (256.000000 128.000000 -32.000000) 
4 26 27 (192.000000 128.000000 -48.000000) (256.000000 128.000000 -48.000000) (256.000000 -128.000000 -48.000000) (192.000000 -128.000000 -48.000000) 
